
=============================================

MessageLogger Summary

 type     category        sev    module        subroutine        count    total
 ---- -------------------- -- ---------------- ----------------  -----    -----
    1 FwkJob               -i PostModule                           261      261
    2 FwkReport            -i main_input:sourc                     250*     250
    3 Root_Warning         -w PoolSource:sourc TClassTable::Add     11       11
    4 ScheduleExecutionFai -w PostModule                           250      250
    5 path                 -w AfterModuleConst                       1        1

* Some occurrences of this message were suppressed in all logs, due to limits.

 type    category    Examples: run/evt        run/evt          run/evt
 ---- -------------------- ---------------- ---------------- ----------------
    1 FwkJob               1/1              1/2              1/250
    2 FwkReport            BeforeEvents     1/1              1/249
    3 Root_Warning         pre-events       pre-events       pre-events
    4 ScheduleExecutionFailure 1/1              1/2              1/250
    5 path                 pre-events                        

Severity    # Occurrences   Total Occurrences
--------    -------------   -----------------
Info                  511                 511
Warning               262                 262
